<?xml version="1.0" encoding="UTF-8"?>
<testng-results skipped="0" failed="2" ignored="0" total="2" passed="0">
  <reporter-output>
  </reporter-output>
  <suite name="Service Now  Test Suite" duration-ms="38668" started-at="2018-05-20T19:24:58Z" finished-at="2018-05-20T19:25:36Z">
    <groups>
    </groups>
    <test name="AdminSanityTestExecution" duration-ms="38668" started-at="2018-05-20T19:24:58Z" finished-at="2018-05-20T19:25:36Z">
      <class name="com.acktinos.tests.ParentTest">
        <test-method status="PASS" signature="doReportSetup(org.testng.ITestContext)[pri:0, instance:com.acktinos.tests.ParentTest@122d892]" name="doReportSetup" is-config="true" duration-ms="27" started-at="2018-05-21T00:54:58Z" finished-at="2018-05-21T00:54:58Z">
          <params>
            <param index="0">
              <value>
                <![CDATA[org.testng.TestRunner@365c88]]>
              </value>
            </param>
          </params>
          <reporter-output>
          </reporter-output>
        </test-method> <!-- doReportSetup -->
        <test-method status="PASS" signature="beforeMethodSetup(java.lang.reflect.Method)[pri:0, instance:com.acktinos.tests.ParentTest@122d892]" name="beforeMethodSetup" is-config="true" duration-ms="0" started-at="2018-05-21T00:54:58Z" finished-at="2018-05-21T00:54:58Z">
          <params>
            <param index="0">
              <value>
                <![CDATA[public void com.acktinos.tests.ParentTest.CreateIncident()]]>
              </value>
            </param>
          </params>
          <reporter-output>
          </reporter-output>
        </test-method> <!-- beforeMethodSetup -->
        <test-method status="FAIL" signature="CreateIncident()[pri:0, instance:com.acktinos.tests.ParentTest@122d892]" name="CreateIncident" duration-ms="38340" started-at="2018-05-21T00:54:58Z" finished-at="2018-05-21T00:55:36Z">
          <exception class="java.lang.NullPointerException">
            <full-stacktrace>
              <![CDATA[java.lang.NullPointerExceptionat com.acktinos.Utils.TestStep.perform(TestStep.java:32)at java.util.ArrayList$ArrayListSpliterator.forEachRemaining(ArrayList.java:1382)at java.util.stream.ReferencePipeline$Head.forEach(ReferencePipeline.java:580)at com.acktinos.Utils.XLReaderFilloHelper.executeLoginPage(XLReaderFilloHelper.java:121)at com.acktinos.Utils.XLReaderFilloHelper.executePage(XLReaderFilloHelper.java:135)at com.acktinos.tests.CommonTest.doPageExecution(CommonTest.java:137)at com.acktinos.tests.ParentTest.CreateIncident(ParentTest.java)at sun.reflect.NativeMethodAccessorImpl.invoke0(Native Method)at sun.reflect.NativeMethodAccessorImpl.invoke(NativeMethodAccessorImpl.java:62)at sun.reflect.DelegatingMethodAccessorImpl.invoke(DelegatingMethodAccessorImpl.java:43)at java.lang.reflect.Method.invoke(Method.java:498)at org.testng.internal.MethodInvocationHelper.invokeMethod(MethodInvocationHelper.java:124)at org.testng.internal.Invoker.invokeMethod(Invoker.java:571)at org.testng.internal.Invoker.invokeTestMethod(Invoker.java:707)at org.testng.internal.Invoker.invokeTestMethods(Invoker.java:979)at org.testng.internal.TestMethodWorker.invokeTestMethods(TestMethodWorker.java:125)at org.testng.internal.TestMethodWorker.run(TestMethodWorker.java:109)at org.testng.TestRunner.privateRun(TestRunner.java:648)at org.testng.TestRunner.run(TestRunner.java:505)at org.testng.SuiteRunner.runTest(SuiteRunner.java:455)at org.testng.SuiteRunner.runSequentially(SuiteRunner.java:450)at org.testng.SuiteRunner.privateRun(SuiteRunner.java:415)at org.testng.SuiteRunner.run(SuiteRunner.java:364)at org.testng.SuiteRunnerWorker.runSuite(SuiteRunnerWorker.java:52)at org.testng.SuiteRunnerWorker.run(SuiteRunnerWorker.java:84)at org.testng.TestNG.runSuitesSequentially(TestNG.java:1187)at org.testng.TestNG.runSuitesLocally(TestNG.java:1116)at org.testng.TestNG.runSuites(TestNG.java:1028)at org.testng.TestNG.run(TestNG.java:996)at org.testng.remote.AbstractRemoteTestNG.run(AbstractRemoteTestNG.java:114)at org.testng.remote.RemoteTestNG.initAndRun(RemoteTestNG.java:251)at org.testng.remote.RemoteTestNG.main(RemoteTestNG.java:77)]]>
            </full-stacktrace>
          </exception> <!-- java.lang.NullPointerException -->
          <reporter-output>
          </reporter-output>
        </test-method> <!-- CreateIncident -->
        <test-method status="PASS" signature="getMethodDetails(org.testng.ITestResult)[pri:0, instance:com.acktinos.tests.ParentTest@122d892]" name="getMethodDetails" is-config="true" duration-ms="0" started-at="2018-05-21T00:55:36Z" finished-at="2018-05-21T00:55:36Z">
          <params>
            <param index="0">
              <value>
                <![CDATA[[TestResult name=CreateIncident status=FAILURE method=ParentTest.CreateIncident()[pri:0, instance:com.acktinos.tests.ParentTest@122d892] output={null}]]]>
              </value>
            </param>
          </params>
          <reporter-output>
          </reporter-output>
        </test-method> <!-- getMethodDetails -->
        <test-method status="PASS" signature="beforeMethodSetup(java.lang.reflect.Method)[pri:0, instance:com.acktinos.tests.ParentTest@122d892]" name="beforeMethodSetup" is-config="true" duration-ms="0" started-at="2018-05-21T00:55:36Z" finished-at="2018-05-21T00:55:36Z">
          <params>
            <param index="0">
              <value>
                <![CDATA[public void com.acktinos.tests.ParentTest.UpdateIncident()]]>
              </value>
            </param>
          </params>
          <reporter-output>
          </reporter-output>
        </test-method> <!-- beforeMethodSetup -->
        <test-method status="FAIL" signature="UpdateIncident()[pri:0, instance:com.acktinos.tests.ParentTest@122d892]" name="UpdateIncident" duration-ms="102" started-at="2018-05-21T00:55:36Z" finished-at="2018-05-21T00:55:36Z">
          <exception class="java.lang.NullPointerException">
            <full-stacktrace>
              <![CDATA[java.lang.NullPointerExceptionat com.acktinos.Utils.TestStep.perform(TestStep.java:32)at java.util.ArrayList$ArrayListSpliterator.forEachRemaining(ArrayList.java:1382)at java.util.stream.ReferencePipeline$Head.forEach(ReferencePipeline.java:580)at com.acktinos.Utils.XLReaderFilloHelper.executePage(XLReaderFilloHelper.java:158)at com.acktinos.tests.CommonTest.doPageExecution(CommonTest.java:137)at com.acktinos.tests.ParentTest.UpdateIncident(ParentTest.java)at sun.reflect.NativeMethodAccessorImpl.invoke0(Native Method)at sun.reflect.NativeMethodAccessorImpl.invoke(NativeMethodAccessorImpl.java:62)at sun.reflect.DelegatingMethodAccessorImpl.invoke(DelegatingMethodAccessorImpl.java:43)at java.lang.reflect.Method.invoke(Method.java:498)at org.testng.internal.MethodInvocationHelper.invokeMethod(MethodInvocationHelper.java:124)at org.testng.internal.Invoker.invokeMethod(Invoker.java:571)at org.testng.internal.Invoker.invokeTestMethod(Invoker.java:707)at org.testng.internal.Invoker.invokeTestMethods(Invoker.java:979)at org.testng.internal.TestMethodWorker.invokeTestMethods(TestMethodWorker.java:125)at org.testng.internal.TestMethodWorker.run(TestMethodWorker.java:109)at org.testng.TestRunner.privateRun(TestRunner.java:648)at org.testng.TestRunner.run(TestRunner.java:505)at org.testng.SuiteRunner.runTest(SuiteRunner.java:455)at org.testng.SuiteRunner.runSequentially(SuiteRunner.java:450)at org.testng.SuiteRunner.privateRun(SuiteRunner.java:415)at org.testng.SuiteRunner.run(SuiteRunner.java:364)at org.testng.SuiteRunnerWorker.runSuite(SuiteRunnerWorker.java:52)at org.testng.SuiteRunnerWorker.run(SuiteRunnerWorker.java:84)at org.testng.TestNG.runSuitesSequentially(TestNG.java:1187)at org.testng.TestNG.runSuitesLocally(TestNG.java:1116)at org.testng.TestNG.runSuites(TestNG.java:1028)at org.testng.TestNG.run(TestNG.java:996)at org.testng.remote.AbstractRemoteTestNG.run(AbstractRemoteTestNG.java:114)at org.testng.remote.RemoteTestNG.initAndRun(RemoteTestNG.java:251)at org.testng.remote.RemoteTestNG.main(RemoteTestNG.java:77)]]>
            </full-stacktrace>
          </exception> <!-- java.lang.NullPointerException -->
          <reporter-output>
          </reporter-output>
        </test-method> <!-- UpdateIncident -->
        <test-method status="PASS" signature="getMethodDetails(org.testng.ITestResult)[pri:0, instance:com.acktinos.tests.ParentTest@122d892]" name="getMethodDetails" is-config="true" duration-ms="0" started-at="2018-05-21T00:55:36Z" finished-at="2018-05-21T00:55:36Z">
          <params>
            <param index="0">
              <value>
                <![CDATA[[TestResult name=UpdateIncident status=FAILURE method=ParentTest.UpdateIncident()[pri:0, instance:com.acktinos.tests.ParentTest@122d892] output={null}]]]>
              </value>
            </param>
          </params>
          <reporter-output>
          </reporter-output>
        </test-method> <!-- getMethodDetails -->
        <test-method status="PASS" signature="tearDown()[pri:0, instance:com.acktinos.tests.ParentTest@122d892]" name="tearDown" is-config="true" duration-ms="0" started-at="2018-05-21T00:55:36Z" finished-at="2018-05-21T00:55:36Z">
          <reporter-output>
          </reporter-output>
        </test-method> <!-- tearDown -->
      </class> <!-- com.acktinos.tests.ParentTest -->
    </test> <!-- AdminSanityTestExecution -->
  </suite> <!-- Service Now  Test Suite -->
</testng-results>
